<?xml version="1.0" encoding="UTF-8" ?>
<testsuite tests="5" failures="0" name="stepdefs.TestRunner" time="69.733" errors="0" skipped="0">
  <properties>
[...]
</properties>
  <testcase classname="This feature will allow you do to all the calculator operations" name="To add two numbers and validate the results are coming fine" time="0.718"/>
  <testcase classname="This feature will be used to test the login functionality of Simplilearn application" name="Validate the Login failure scenario" time="18.859"/>
  <testcase classname="This feature will be used to test the login functionality of Simplilearn application" name="Validate the Login failure scenario using parameters" time="15.632"/>
  <testcase classname="This feature will be used to test the login functionality of Simplilearn application" name="Validate the Login failure scenario using examples" time="18.952"/>
  <testcase classname="This feature will be used to test the login functionality of Simplilearn application" name="Validate the Login failure scenario using examples" time="15.572"/>
</testsuite>